<?xml version="1.0" encoding="UTF-8"?>
<!-- Generated by org.testng.reporters.JUnitReportReporter -->
<testsuite skipped="0" hostname="VAIO" name="automationScripts.loginModule.Auto_Practice_Login_Succesfull_Login_AT01" tests="1" failures="0" timestamp="26 Jun 2017 12:36:31 GMT" time="85.600" errors="0">
  <testcase name="execute" time="85.600" classname="automationScripts.loginModule.Auto_Practice_Login_Succesfull_Login_AT01"/>
</testsuite> <!-- automationScripts.loginModule.Auto_Practice_Login_Succesfull_Login_AT01 -->
