<?xml version="1.0" encoding="UTF-8"?>
<!-- Generated by org.testng.reporters.JUnitReportReporter -->
<testsuite hostname="VAIO" name="automationScripts.Auto_Practice_Login_Unsuccesfull_Login_AT02" tests="1" failures="0" timestamp="6 Jan 2017 02:25:46 GMT" time="22.150" errors="0">
  <testcase name="execute" time="22.150" classname="automationScripts.Auto_Practice_Login_Unsuccesfull_Login_AT02"/>
</testsuite> <!-- automationScripts.Auto_Practice_Login_Unsuccesfull_Login_AT02 -->
