<?xml version="1.0" encoding="UTF-8"?>
<!-- Generated by org.testng.reporters.JUnitReportReporter -->
<testsuite name="automationScripts.homepage.Auto_Practice_Homepage_Verify_Terms_And_Conditions_AT04" tests="1" time="35.268" ignored="0" failures="0" timestamp="05 Feb 2017 10:05:17 GMT" skipped="0" hostname="VAIO" errors="0">
  <testcase name="execute" time="35.268" classname="automationScripts.homepage.Auto_Practice_Homepage_Verify_Terms_And_Conditions_AT04"/>
</testsuite> <!-- automationScripts.homepage.Auto_Practice_Homepage_Verify_Terms_And_Conditions_AT04 -->
