<?xml version="1.0" encoding="UTF-8"?>
<!-- Generated by org.testng.reporters.JUnitReportReporter -->
<testsuite hostname="VAIO" name="automationScripts.Auto_Practice_Login_Unsuccesfull_Login_Invalid_Password_AT03" tests="1" failures="0" timestamp="6 Jan 2017 02:51:29 GMT" time="9.454" errors="0">
  <testcase name="execute" time="9.454" classname="automationScripts.Auto_Practice_Login_Unsuccesfull_Login_Invalid_Password_AT03"/>
</testsuite> <!-- automationScripts.Auto_Practice_Login_Unsuccesfull_Login_Invalid_Password_AT03 -->
