<?xml version="1.0" encoding="UTF-8"?>
<!-- Generated by org.testng.reporters.JUnitReportReporter -->
<testsuite hostname="VAIO" name="automationScripts.Auto_Practice_Login_Succesfull_Login_AT01" tests="1" failures="0" timestamp="6 Jan 2017 02:22:36 GMT" time="37.102" errors="0">
  <testcase name="execute" time="37.102" classname="automationScripts.Auto_Practice_Login_Succesfull_Login_AT01"/>
</testsuite> <!-- automationScripts.Auto_Practice_Login_Succesfull_Login_AT01 -->
