<?xml version="1.0" encoding="UTF-8"?>
<!-- Generated by org.testng.reporters.JUnitReportReporter -->
<testsuite name="automationScripts.loginModule.Auto_Practice_Login_Validate_Forgot_Passowrd_Link_AT04" tests="1" time="63.268" ignored="0" failures="0" timestamp="05 Feb 2017 10:05:16 GMT" skipped="0" hostname="VAIO" errors="0">
  <testcase name="execute" time="63.268" classname="automationScripts.loginModule.Auto_Practice_Login_Validate_Forgot_Passowrd_Link_AT04"/>
</testsuite> <!-- automationScripts.loginModule.Auto_Practice_Login_Validate_Forgot_Passowrd_Link_AT04 -->
