<?xml version="1.0" encoding="UTF-8"?>
<!-- Generated by org.testng.reporters.JUnitReportReporter -->
<testsuite name="automationScripts.myAccount.Auto_Practice_MyAccounts_Update_My_Personal_Information_AT03" tests="1" time="74.303" ignored="0" failures="0" timestamp="05 Feb 2017 10:05:17 GMT" skipped="0" hostname="VAIO" errors="0">
  <testcase name="execute" time="74.303" classname="automationScripts.myAccount.Auto_Practice_MyAccounts_Update_My_Personal_Information_AT03"/>
</testsuite> <!-- automationScripts.myAccount.Auto_Practice_MyAccounts_Update_My_Personal_Information_AT03 -->
