<?xml version="1.0" encoding="UTF-8"?>
<!-- Generated by org.testng.reporters.JUnitReportReporter -->
<testsuite name="automationScripts.loginModule.Auto_Practice_Login_Succesfull_Login_AT01" tests="1" time="64.499" ignored="0" failures="0" timestamp="05 Feb 2017 10:05:17 GMT" skipped="0" hostname="VAIO" errors="0">
  <testcase name="execute" time="64.499" classname="automationScripts.loginModule.Auto_Practice_Login_Succesfull_Login_AT01"/>
</testsuite> <!-- automationScripts.loginModule.Auto_Practice_Login_Succesfull_Login_AT01 -->
