<?xml version="1.0" encoding="UTF-8"?>
<!-- Generated by org.testng.reporters.JUnitReportReporter -->
<testsuite name="automationScripts.cart.Auto_Practice_Cart_Verify_Delete_Added_Product_AT04" tests="2" time="75.251" ignored="0" failures="0" timestamp="05 Feb 2017 10:05:16 GMT" skipped="0" hostname="VAIO" errors="0">
  <testcase name="execute1" time="35.507" classname="automationScripts.cart.Auto_Practice_Cart_Verify_Delete_Added_Product_AT04"/>
  <testcase name="execute" time="39.744" classname="automationScripts.cart.Auto_Practice_Cart_Verify_Delete_Added_Product_AT04"/>
</testsuite> <!-- automationScripts.cart.Auto_Practice_Cart_Verify_Delete_Added_Product_AT04 -->
