<?xml version="1.0" encoding="UTF-8"?>
<!-- Generated by org.testng.reporters.JUnitReportReporter -->
<testsuite name="automationScripts.homepage.Auto_Practice_Homepage_ContactUs_Send_Details_AT02" tests="1" time="36.361" ignored="0" failures="0" timestamp="05 Feb 2017 10:05:16 GMT" skipped="0" hostname="VAIO" errors="0">
  <testcase name="execute" time="36.361" classname="automationScripts.homepage.Auto_Practice_Homepage_ContactUs_Send_Details_AT02"/>
</testsuite> <!-- automationScripts.homepage.Auto_Practice_Homepage_ContactUs_Send_Details_AT02 -->
