<?xml version="1.0" encoding="UTF-8"?>
<!-- Generated by org.testng.reporters.JUnitReportReporter -->
<testsuite name="automationScripts.cart.Auto_Practice_Cart_Already_AddedProduct_Place_The_Order_AT01" tests="1" time="26.654" ignored="0" failures="0" timestamp="05 Feb 2017 10:05:16 GMT" skipped="0" hostname="VAIO" errors="0">
  <testcase name="execute" time="26.654" classname="automationScripts.cart.Auto_Practice_Cart_Already_AddedProduct_Place_The_Order_AT01"/>
</testsuite> <!-- automationScripts.cart.Auto_Practice_Cart_Already_AddedProduct_Place_The_Order_AT01 -->
