<?xml version="1.0" encoding="UTF-8"?>
<!-- Generated by org.testng.reporters.JUnitReportReporter -->
<testsuite name="automationScripts.cart.Auto_Practice_Cart_Verify_Details_Of_Added_Product_AT03" tests="2" time="130.105" ignored="0" failures="0" timestamp="05 Feb 2017 10:05:17 GMT" skipped="0" hostname="VAIO" errors="0">
  <testcase name="execute" time="81.981" classname="automationScripts.cart.Auto_Practice_Cart_Verify_Details_Of_Added_Product_AT03"/>
  <testcase name="execute1" time="48.124" classname="automationScripts.cart.Auto_Practice_Cart_Verify_Details_Of_Added_Product_AT03"/>
</testsuite> <!-- automationScripts.cart.Auto_Practice_Cart_Verify_Details_Of_Added_Product_AT03 -->
