<?xml version="1.0" encoding="UTF-8"?>
<!-- Generated by org.testng.reporters.JUnitReportReporter -->
<testsuite name="automationScripts.myAccount.Auto_Practice_MyAccounts_Check_Options_AT01" tests="1" time="29.367" ignored="0" failures="0" timestamp="05 Feb 2017 10:05:16 GMT" skipped="0" hostname="VAIO" errors="0">
  <testcase name="execute" time="29.367" classname="automationScripts.myAccount.Auto_Practice_MyAccounts_Check_Options_AT01"/>
</testsuite> <!-- automationScripts.myAccount.Auto_Practice_MyAccounts_Check_Options_AT01 -->
